2023-12-28 09:05:56.448  INFO 14940 --- [main] com.yoyo.YoYoBlogApplication : Starting YoYoBlogApplication on LAPTOP-MVJAF8RD with PID 14940 (H:\IDEA缓存\大三下\blog\target\classes started by 86132 in H:\IDEA缓存\大三下\blog)
2023-12-28 09:05:56.451  INFO 14940 --- [main] com.yoyo.YoYoBlogApplication : The following profiles are active: server
2023-12-28 09:05:57.704  INFO 14940 --- [main] org.springframework.boot.web.embedded.tomcat.TomcatWebServer : Tomcat initialized with port(s): 9090 (http)
2023-12-28 09:05:57.713  INFO 14940 --- [main] org.apache.catalina.core.StandardService : Starting service [Tomcat]
2023-12-28 09:05:57.713  INFO 14940 --- [main] org.apache.catalina.core.StandardEngine : Starting Servlet engine: [Apache Tomcat/9.0.36]
2023-12-28 09:05:57.715  INFO 14940 --- [main] org.apache.catalina.core.AprLifecycleListener : Loaded Apache Tomcat Native library [1.2.35] using APR version [1.7.0].
2023-12-28 09:05:57.715  INFO 14940 --- [main] org.apache.catalina.core.AprLifecycleListener : APR capabilities: IPv6 [true], sendfile [true], accept filters [false], random [true].
2023-12-28 09:05:57.715  INFO 14940 --- [main] org.apache.catalina.core.AprLifecycleListener : APR/OpenSSL configuration: useAprConnector [false], useOpenSSL [true]
2023-12-28 09:05:57.731  INFO 14940 --- [main] org.apache.catalina.core.AprLifecycleListener : OpenSSL successfully initialized [OpenSSL 1.1.1q  5 Jul 2022]
2023-12-28 09:05:57.805  INFO 14940 --- [main] org.apache.catalina.core.ContainerBase.[Tomcat].[localhost].[/] : Initializing Spring embedded WebApplicationContext
2023-12-28 09:05:57.805  INFO 14940 --- [main] org.springframework.boot.web.servlet.context.ServletWebServerApplicationContext : Root WebApplicationContext: initialization completed in 1314 ms
2023-12-28 09:05:57.865  INFO 14940 --- [main] com.alibaba.druid.spring.boot.autoconfigure.DruidDataSourceAutoConfigure : Init DruidDataSource
2023-12-28 09:05:57.953  INFO 14940 --- [main] com.alibaba.druid.pool.DruidDataSource : {dataSource-1} inited
2023-12-28 09:05:58.358  INFO 14940 --- [main] org.springframework.scheduling.concurrent.ThreadPoolTaskExecutor : Initializing ExecutorService 'applicationTaskExecutor'
2023-12-28 09:05:58.415  INFO 14940 --- [main] org.springframework.boot.autoconfigure.web.servlet.WelcomePageHandlerMapping : Adding welcome page template: index
2023-12-28 09:05:58.600  INFO 14940 --- [main] org.springframework.boot.web.embedded.tomcat.TomcatWebServer : Tomcat started on port(s): 9090 (http) with context path ''
2023-12-28 09:05:58.613  INFO 14940 --- [main] com.yoyo.YoYoBlogApplication : Started YoYoBlogApplication in 2.682 seconds (JVM running for 3.821)
2023-12-28 09:06:24.419  INFO 14940 --- [http-nio-9090-exec-1] org.apache.catalina.core.ContainerBase.[Tomcat].[localhost].[/] : Initializing Spring DispatcherServlet 'dispatcherServlet'
2023-12-28 09:06:24.421  INFO 14940 --- [http-nio-9090-exec-1] org.springframework.web.servlet.DispatcherServlet : Initializing Servlet 'dispatcherServlet'
2023-12-28 09:06:24.432  INFO 14940 --- [http-nio-9090-exec-1] org.springframework.web.servlet.DispatcherServlet : Completed initialization in 11 ms
2023-12-28 09:06:24.456  INFO 14940 --- [http-nio-9090-exec-1] com.yoyo.aop.WebLogAspect : ################URL : http://localhost:9090/
2023-12-28 09:06:24.456  INFO 14940 --- [http-nio-9090-exec-1] com.yoyo.aop.WebLogAspect : ################HTTP_METHOD : GET
2023-12-28 09:06:24.456  INFO 14940 --- [http-nio-9090-exec-1] com.yoyo.aop.WebLogAspect : ################IP : 0:0:0:0:0:0:0:1
2023-12-28 09:06:24.456  INFO 14940 --- [http-nio-9090-exec-1] com.yoyo.aop.WebLogAspect : ################THE ARGS OF THE CONTROLLER : [{}]
2023-12-28 09:06:24.458  INFO 14940 --- [http-nio-9090-exec-1] com.yoyo.aop.WebLogAspect : ################CLASS_METHOD : com.yoyo.controller.PageController.index
2023-12-28 09:06:30.165  INFO 14940 --- [SpringContextShutdownHook] org.springframework.scheduling.concurrent.ThreadPoolTaskExecutor : Shutting down ExecutorService 'applicationTaskExecutor'
2023-12-28 09:06:30.166  INFO 14940 --- [SpringContextShutdownHook] com.alibaba.druid.pool.DruidDataSource : {dataSource-1} closing ...
2023-12-28 09:06:30.172  INFO 14940 --- [SpringContextShutdownHook] com.alibaba.druid.pool.DruidDataSource : {dataSource-1} closed
